<html>
<head>
<title>TestNG:  IfaTests</title>
<link href="../testng.css" rel="stylesheet" type="text/css" />
<link href="../my-testng.css" rel="stylesheet" type="text/css" />

<style type="text/css">
.log { display: none;} 
.stack-trace { display: none;} 
</style>
<script type="text/javascript">
<!--
function flip(e) {
  current = e.style.display;
  if (current == 'block') {
    e.style.display = 'none';
    return 0;
  }
  else {
    e.style.display = 'block';
    return 1;
  }
}

function toggleBox(szDivId, elem, msg1, msg2)
{
  var res = -1;  if (document.getElementById) {
    res = flip(document.getElementById(szDivId));
  }
  else if (document.all) {
    // this is the way old msie versions work
    res = flip(document.all[szDivId]);
  }
  if(elem) {
    if(res == 0) elem.innerHTML = msg1; else elem.innerHTML = msg2;
  }

}

function toggleAllBoxes() {
  if (document.getElementsByTagName) {
    d = document.getElementsByTagName('div');
    for (i = 0; i < d.length; i++) {
      if (d[i].className == 'log') {
        flip(d[i]);
      }
    }
  }
}

// -->
</script>

</head>
<body>
<h2 align='center'>IfaTests</h2><table border='1' align="center">
<tr>
<td>Tests passed/Failed/Skipped:</td><td>16/1/0</td>
</tr><tr>
<td>Started on:</td><td>Wed Jul 18 12:09:56 BST 2018</td>
</tr>
<tr><td>Total time:</td><td>126 seconds (126474 ms)</td>
</tr><tr>
<td>Included groups:</td><td></td>
</tr><tr>
<td>Excluded groups:</td><td></td>
</tr>
</table><p/>
<small><i>(Hover the method name to see the test class name)</i></small><p/>
<table width='100%' border='1' class='invocation-failed'>
<tr><td colspan='4' align='center'><b>FAILED TESTS</b></td></tr>
<tr><td><b>Test method</b></td>
<td width="30%"><b>Exception</b></td>
<td width="10%"><b>Time (seconds)</b></td>
<td><b>Instance</b></td>
</tr>
<tr>
<td title='IFA4ctestScripts.ApplyasanIFA.OnboardingTest()'><b>OnboardingTest</b><br>Test class: IFA4ctestScripts.ApplyasanIFA</td>
<td><div><pre>org.openqa.selenium.WebDriverException: unknown error: Element &lt;a href=&quot;https://admin.4cplatform-staging.com/ifas/49/active/1?domain=admin&quot; class=&quot;btn btn-default btn-xs&quot;&gt;...&lt;/a&gt; is not clickable at point (1037, 37). Other element would receive the click: &lt;span class=&quot;visible-lg&quot;&gt;...&lt;/span&gt;
  (Session info: chrome=67.0.3396.99)
  (Driver info: chromedriver=2.40.565498 (ea082db3280dd6843ebfb08a625e3eb905c4f5ab),platform=Windows NT 10.0.17134 x86_64) (WARNING: The server did not provide any stacktrace information)
Command duration or timeout: 0 milliseconds
Build info: version: &apos;3.13.0&apos;, revision: &apos;2f0d292&apos;, time: &apos;2018-06-25T15:24:21.231Z&apos;
System info: host: &apos;DM303&apos;, ip: &apos;10.7.0.159&apos;, os.name: &apos;Windows 10&apos;, os.arch: &apos;amd64&apos;, os.version: &apos;10.0&apos;, java.version: &apos;1.8.0_171&apos;
Driver info: org.openqa.selenium.chrome.ChromeDriver
Capabilities {acceptInsecureCerts: false, acceptSslCerts: false, applicationCacheEnabled: false, browserConnectionEnabled: false, browserName: chrome, chrome: {chromedriverVersion: 2.40.565498 (ea082db3280dd6..., userDataDir: C:\Users\AMRUTA~1.YEM\AppDa...}, cssSelectorsEnabled: true, databaseEnabled: false, handlesAlerts: true, hasTouchScreen: false, javascriptEnabled: true, locationContextEnabled: true, mobileEmulationEnabled: false, nativeEvents: true, networkConnectionEnabled: false, pageLoadStrategy: normal, platform: XP, platformName: XP, rotatable: false, setWindowRect: true, takesHeapSnapshot: true, takesScreenshot: true, unexpectedAlertBehaviour: , unhandledPromptBehavior: , version: 67.0.3396.99, webStorageEnabled: true}
Session ID: 067df472f49573362b4cadb2b85ba7c1
	at org.openqa.selenium.remote.ErrorHandler.createThrowable(ErrorHandler.java:214)
	at org.openqa.selenium.remote.ErrorHandler.throwIfResponseFailed(ErrorHandler.java:166)
	at org.openqa.selenium.remote.http.JsonHttpResponseCodec.reconstructValue(JsonHttpResponseCodec.java:40)
	at org.openqa.selenium.remote.http.AbstractHttpResponseCodec.decode(AbstractHttpResponseCodec.java:80)
	at org.openqa.selenium.remote.http.AbstractHttpResponseCodec.decode(AbstractHttpResponseCodec.java:44)
	at org.openqa.selenium.remote.HttpCommandExecutor.execute(HttpCommandExecutor.java:158)
	at org.openqa.selenium.remote.service.DriverCommandExecutor.execute(DriverCommandExecutor.java:83)
	at org.openqa.selenium.remote.RemoteWebDriver.execute(RemoteWebDriver.java:548)
	at org.openqa.selenium.remote.RemoteWebElement.execute(RemoteWebElement.java:276)
	at org.openqa.selenium.remote.RemoteWebElement.click(RemoteWebElement.java:83)
	at IFA4ctestScripts.ApplyasanIFA.OnboardingTest(ApplyasanIFA.java:196)
	at java.util.concurrent.ThreadPoolExecutor.runWorker(Unknown Source)
	at java.util.concurrent.ThreadPoolExecutor$Worker.run(Unknown Source)
	at java.lang.Thread.run(Unknown Source)
... Removed 14 stack frames</pre></div><a href='#' onClick='toggleBox("stack-trace1200806997", this, "Click to show all stack frames", "Click to hide stack frames")'>Click to show all stack frames</a>
<div class='stack-trace' id='stack-trace1200806997'><pre>org.openqa.selenium.WebDriverException: unknown error: Element &lt;a href=&quot;https://admin.4cplatform-staging.com/ifas/49/active/1?domain=admin&quot; class=&quot;btn btn-default btn-xs&quot;&gt;...&lt;/a&gt; is not clickable at point (1037, 37). Other element would receive the click: &lt;span class=&quot;visible-lg&quot;&gt;...&lt;/span&gt;
  (Session info: chrome=67.0.3396.99)
  (Driver info: chromedriver=2.40.565498 (ea082db3280dd6843ebfb08a625e3eb905c4f5ab),platform=Windows NT 10.0.17134 x86_64) (WARNING: The server did not provide any stacktrace information)
Command duration or timeout: 0 milliseconds
Build info: version: &apos;3.13.0&apos;, revision: &apos;2f0d292&apos;, time: &apos;2018-06-25T15:24:21.231Z&apos;
System info: host: &apos;DM303&apos;, ip: &apos;10.7.0.159&apos;, os.name: &apos;Windows 10&apos;, os.arch: &apos;amd64&apos;, os.version: &apos;10.0&apos;, java.version: &apos;1.8.0_171&apos;
Driver info: org.openqa.selenium.chrome.ChromeDriver
Capabilities {acceptInsecureCerts: false, acceptSslCerts: false, applicationCacheEnabled: false, browserConnectionEnabled: false, browserName: chrome, chrome: {chromedriverVersion: 2.40.565498 (ea082db3280dd6..., userDataDir: C:\Users\AMRUTA~1.YEM\AppDa...}, cssSelectorsEnabled: true, databaseEnabled: false, handlesAlerts: true, hasTouchScreen: false, javascriptEnabled: true, locationContextEnabled: true, mobileEmulationEnabled: false, nativeEvents: true, networkConnectionEnabled: false, pageLoadStrategy: normal, platform: XP, platformName: XP, rotatable: false, setWindowRect: true, takesHeapSnapshot: true, takesScreenshot: true, unexpectedAlertBehaviour: , unhandledPromptBehavior: , version: 67.0.3396.99, webStorageEnabled: true}
Session ID: 067df472f49573362b4cadb2b85ba7c1
	at sun.reflect.NativeConstructorAccessorImpl.newInstance0(Native Method)
	at sun.reflect.NativeConstructorAccessorImpl.newInstance(Unknown Source)
	at sun.reflect.DelegatingConstructorAccessorImpl.newInstance(Unknown Source)
	at java.lang.reflect.Constructor.newInstance(Unknown Source)
	at org.openqa.selenium.remote.ErrorHandler.createThrowable(ErrorHandler.java:214)
	at org.openqa.selenium.remote.ErrorHandler.throwIfResponseFailed(ErrorHandler.java:166)
	at org.openqa.selenium.remote.http.JsonHttpResponseCodec.reconstructValue(JsonHttpResponseCodec.java:40)
	at org.openqa.selenium.remote.http.AbstractHttpResponseCodec.decode(AbstractHttpResponseCodec.java:80)
	at org.openqa.selenium.remote.http.AbstractHttpResponseCodec.decode(AbstractHttpResponseCodec.java:44)
	at org.openqa.selenium.remote.HttpCommandExecutor.execute(HttpCommandExecutor.java:158)
	at org.openqa.selenium.remote.service.DriverCommandExecutor.execute(DriverCommandExecutor.java:83)
	at org.openqa.selenium.remote.RemoteWebDriver.execute(RemoteWebDriver.java:548)
	at org.openqa.selenium.remote.RemoteWebElement.execute(RemoteWebElement.java:276)
	at org.openqa.selenium.remote.RemoteWebElement.click(RemoteWebElement.java:83)
	at IFA4ctestScripts.ApplyasanIFA.OnboardingTest(ApplyasanIFA.java:196)
	at sun.reflect.NativeMethodAccessorImpl.invoke0(Native Method)
	at sun.reflect.NativeMethodAccessorImpl.invoke(Unknown Source)
	at sun.reflect.DelegatingMethodAccessorImpl.invoke(Unknown Source)
	at java.lang.reflect.Method.invoke(Unknown Source)
	at org.testng.internal.MethodInvocationHelper.invokeMethod(MethodInvocationHelper.java:124)
	at org.testng.internal.Invoker.invokeMethod(Invoker.java:580)
	at org.testng.internal.Invoker.invokeTestMethod(Invoker.java:716)
	at org.testng.internal.Invoker.invokeTestMethods(Invoker.java:988)
	at org.testng.internal.TestMethodWorker.invokeTestMethods(TestMethodWorker.java:125)
	at org.testng.internal.TestMethodWorker.run(TestMethodWorker.java:109)
	at java.util.concurrent.ThreadPoolExecutor.runWorker(Unknown Source)
	at java.util.concurrent.ThreadPoolExecutor$Worker.run(Unknown Source)
	at java.lang.Thread.run(Unknown Source)
</pre></div></td>
<td>43</td>
<td>IFA4ctestScripts.ApplyasanIFA@23e028a9</td></tr>
</table><p>
<table width='100%' border='1' class='invocation-passed'>
<tr><td colspan='4' align='center'><b>PASSED TESTS</b></td></tr>
<tr><td><b>Test method</b></td>
<td width="30%"><b>Exception</b></td>
<td width="10%"><b>Time (seconds)</b></td>
<td><b>Instance</b></td>
</tr>
<tr>
<td title='IFA4ctestScripts.Adminlogintest.AdLoginTest()'><b>AdLoginTest</b><br>Test class: IFA4ctestScripts.Adminlogintest</td>
<td></td>
<td>5</td>
<td>IFA4ctestScripts.Adminlogintest@5bc79255</td></tr>
<tr>
<td title='IFA4ctestScripts.Adminlogintest.AdminTitleTest()'><b>AdminTitleTest</b><br>Test class: IFA4ctestScripts.Adminlogintest</td>
<td></td>
<td>0</td>
<td>IFA4ctestScripts.Adminlogintest@5bc79255</td></tr>
<tr>
<td title='IFA4ctestScripts.Contactform.BacktotopbtnTest()'><b>BacktotopbtnTest</b><br>Test class: IFA4ctestScripts.Contactform</td>
<td></td>
<td>8</td>
<td>IFA4ctestScripts.Contactform@47ef968d</td></tr>
<tr>
<td title='IFA4ctestScripts.Contactform.ContactScrollTest()'><b>ContactScrollTest</b><br>Test class: IFA4ctestScripts.Contactform</td>
<td></td>
<td>2</td>
<td>IFA4ctestScripts.Contactform@47ef968d</td></tr>
<tr>
<td title='IFA4ctestScripts.Contactform.ContactTest()'><b>ContactTest</b><br>Test class: IFA4ctestScripts.Contactform</td>
<td></td>
<td>6</td>
<td>IFA4ctestScripts.Contactform@47ef968d</td></tr>
<tr>
<td title='IFA4ctestScripts.Contactform.GetintouchTest()'><b>GetintouchTest</b><br>Test class: IFA4ctestScripts.Contactform</td>
<td></td>
<td>8</td>
<td>IFA4ctestScripts.Contactform@47ef968d</td></tr>
<tr>
<td title='IFA4ctestScripts.IFACompanyTest.IFAActivitysstest()'><b>IFAActivitysstest</b><br>Test class: IFA4ctestScripts.IFACompanyTest</td>
<td></td>
<td>1</td>
<td>IFA4ctestScripts.IFACompanyTest@5b87ed94</td></tr>
<tr>
<td title='IFA4ctestScripts.IFACompanyTest.IFAAddresstest()'><b>IFAAddresstest</b><br>Test class: IFA4ctestScripts.IFACompanyTest</td>
<td></td>
<td>0</td>
<td>IFA4ctestScripts.IFACompanyTest@5b87ed94</td></tr>
<tr>
<td title='IFA4ctestScripts.IFACompanyTest.IFADatabaseInfoTest()'><b>IFADatabaseInfoTest</b><br>Test class: IFA4ctestScripts.IFACompanyTest</td>
<td></td>
<td>4</td>
<td>IFA4ctestScripts.IFACompanyTest@5b87ed94</td></tr>
<tr>
<td title='IFA4ctestScripts.IFACompanyTest.IFAEdittest()'><b>IFAEdittest</b><br>Test class: IFA4ctestScripts.IFACompanyTest</td>
<td></td>
<td>3</td>
<td>IFA4ctestScripts.IFACompanyTest@5b87ed94</td></tr>
<tr>
<td title='IFA4ctestScripts.Loginifa1_4cplatform.IFATitleTest()'><b>IFATitleTest</b><br>Test class: IFA4ctestScripts.Loginifa1_4cplatform</td>
<td></td>
<td>0</td>
<td>IFA4ctestScripts.Loginifa1_4cplatform@6e0e048a</td></tr>
<tr>
<td title='IFA4ctestScripts.Loginifa1_4cplatform.LoginTest()'><b>LoginTest</b><br>Test class: IFA4ctestScripts.Loginifa1_4cplatform</td>
<td></td>
<td>5</td>
<td>IFA4ctestScripts.Loginifa1_4cplatform@6e0e048a</td></tr>
<tr>
<td title='IFA4ctestScripts.IFACompanyTest.ResendActEmailtest()'><b>ResendActEmailtest</b><br>Test class: IFA4ctestScripts.IFACompanyTest</td>
<td></td>
<td>3</td>
<td>IFA4ctestScripts.IFACompanyTest@5b87ed94</td></tr>
<tr>
<td title='IFA4ctestScripts.Contactform.Screenshot()'><b>Screenshot</b><br>Test class: IFA4ctestScripts.Contactform</td>
<td></td>
<td>3</td>
<td>IFA4ctestScripts.Contactform@47ef968d</td></tr>
<tr>
<td title='IFA4ctestScripts.Loginifa1_4cplatform.SimpletextTest()'><b>SimpletextTest</b><br>Test class: IFA4ctestScripts.Loginifa1_4cplatform</td>
<td></td>
<td>2</td>
<td>IFA4ctestScripts.Loginifa1_4cplatform@6e0e048a</td></tr>
<tr>
<td title='IFA4ctestScripts.Contactform.SubmitcontactformTest()'><b>SubmitcontactformTest</b><br>Test class: IFA4ctestScripts.Contactform</td>
<td></td>
<td>18</td>
<td>IFA4ctestScripts.Contactform@47ef968d</td></tr>
</table><p>
</body>
</html>